  opennurbs_precompiledheader.cpp
C:\Program Files (x86)\Microsoft Visual Studio 14.0\VC\include\exception(359): warning C4577: 'noexcept' used with no exception handling mode specified; termination on exception is not guaranteed. Specify /EHsc
  opennurbs_zlib_memory.cpp
  opennurbs_zlib.cpp
  opennurbs_xform.cpp
  opennurbs_wstring.cpp
  opennurbs_workspace.cpp
  opennurbs_viewport.cpp
  opennurbs_uuid.cpp
  opennurbs_userdata.cpp
  opennurbs_unicode.cpp
  opennurbs_torus.cpp
  opennurbs_textlog.cpp
  opennurbs_surfaceproxy.cpp
  opennurbs_surface.cpp
opennurbs_surface.cpp(1428): warning C4456: declaration of 'rc' hides previous local declaration
  opennurbs_surface.cpp(1420): note: see declaration of 'rc'
  opennurbs_sumsurface.cpp
  opennurbs_sum.cpp
  opennurbs_string.cpp
  opennurbs_sphere.cpp
  opennurbs_sort.cpp
  opennurbs_rtree.cpp
  opennurbs_revsurface.cpp
  Generating Code...
  Compiling...
  opennurbs_rand.cpp
  opennurbs_quaternion.cpp
  opennurbs_polylinecurve.cpp
  opennurbs_polyline.cpp
  opennurbs_polyedgecurve.cpp
  opennurbs_polycurve.cpp
  opennurbs_pointgrid.cpp
  opennurbs_pointgeometry.cpp
  opennurbs_pointcloud.cpp
  opennurbs_point.cpp
  opennurbs_pluginlist.cpp
  opennurbs_planesurface.cpp
  opennurbs_plane.cpp
  opennurbs_photogrammetry.cpp
  opennurbs_optimize.cpp
  opennurbs_offsetsurface.cpp
opennurbs_offsetsurface.cpp(460): warning C4456: declaration of 'vi' hides previous local declaration
  opennurbs_offsetsurface.cpp(445): note: see declaration of 'vi'
  opennurbs_objref.cpp
  opennurbs_object_history.cpp
  opennurbs_object.cpp
  opennurbs_nurbsvolume.cpp
  Generating Code...
  Compiling...
  opennurbs_nurbssurface.cpp
  opennurbs_nurbscurve.cpp
opennurbs_nurbscurve.cpp(1030): warning C4456: declaration of 'i' hides previous local declaration
  opennurbs_nurbscurve.cpp(997): note: see declaration of 'i'
opennurbs_nurbscurve.cpp(1098): warning C4456: declaration of 'k' hides previous local declaration
  opennurbs_nurbscurve.cpp(1028): note: see declaration of 'k'
opennurbs_nurbscurve.cpp(3493): warning C4456: declaration of 'knot0' hides previous local declaration
  opennurbs_nurbscurve.cpp(3425): note: see declaration of 'knot0'
  opennurbs_morph.cpp
opennurbs_morph.cpp(399): warning C4456: declaration of 'd' hides previous local declaration
  opennurbs_morph.cpp(313): note: see declaration of 'd'
  opennurbs_mesh_tools.cpp
  opennurbs_mesh_ngon.cpp
  opennurbs_mesh.cpp
opennurbs_mesh.cpp(1630): warning C4456: declaration of 'b' hides previous local declaration
  opennurbs_mesh.cpp(1569): note: see declaration of 'b'
opennurbs_mesh.cpp(1969): warning C4456: declaration of 'd' hides previous local declaration
  opennurbs_mesh.cpp(1911): note: see declaration of 'd'
opennurbs_mesh.cpp(7228): warning C4456: declaration of 'f' hides previous local declaration
  opennurbs_mesh.cpp(7141): note: see declaration of 'f'
opennurbs_mesh.cpp(7284): warning C4456: declaration of 'f' hides previous local declaration
  opennurbs_mesh.cpp(7141): note: see declaration of 'f'
opennurbs_mesh.cpp(7652): warning C4456: declaration of 'p' hides previous local declaration
  opennurbs_mesh.cpp(7536): note: see declaration of 'p'
  opennurbs_matrix.cpp
  opennurbs_math.cpp
opennurbs_math.cpp(3918): warning C4456: declaration of 'x' hides previous local declaration
  opennurbs_math.cpp(3814): note: see declaration of 'x'
  opennurbs_material.cpp
opennurbs_material.cpp(3863): warning C4456: declaration of 'ftc' hides previous local declaration
  opennurbs_material.cpp(3711): note: see declaration of 'ftc'
opennurbs_material.cpp(3903): warning C4456: declaration of 'ftc' hides previous local declaration
  opennurbs_material.cpp(3711): note: see declaration of 'ftc'
  opennurbs_lookup.cpp
  opennurbs_linetype.cpp
  opennurbs_linecurve.cpp
  opennurbs_line.cpp
  opennurbs_light.cpp
  opennurbs_layer.cpp
  opennurbs_knot.cpp
opennurbs_knot.cpp(1372): warning C4456: declaration of 'j' hides previous local declaration
  opennurbs_knot.cpp(1324): note: see declaration of 'j'
  opennurbs_intersect.cpp
  opennurbs_instance.cpp
  opennurbs_hatch.cpp
opennurbs_hatch.cpp(535): warning C4456: declaration of 'i' hides previous local declaration
  opennurbs_hatch.cpp(503): note: see declaration of 'i'
opennurbs_hatch.cpp(1027): warning C4456: declaration of 'rc' hides previous local declaration
  opennurbs_hatch.cpp(1017): note: see declaration of 'rc'
  opennurbs_group.cpp
  Generating Code...
  Compiling...
  opennurbs_geometry.cpp
  opennurbs_fsp.cpp
  opennurbs_font.cpp
   --- OpenNURBS including Windows LOGFONT support in ON_Font
  opennurbs_extensions.cpp
   --- OpenNURBS overriding ONX_Model new and delete
  opennurbs_evaluate_nurbs.cpp
  opennurbs_error_message.cpp
  opennurbs_error.cpp
  opennurbs_embedded_file.cpp
  opennurbs_ellipse.cpp
  opennurbs_dll.cpp
  opennurbs_dimstyle.cpp
  opennurbs_detail.cpp
  opennurbs_defines.cpp
  opennurbs_cylinder.cpp
  opennurbs_curveproxy.cpp
  opennurbs_curveonsurface.cpp
  opennurbs_curve.cpp
opennurbs_curve.cpp(2649): warning C4456: declaration of 'count' hides previous local declaration
  opennurbs_curve.cpp(2424): note: see declaration of 'count'
  opennurbs_crc.cpp
  opennurbs_cone.cpp
  opennurbs_compress.cpp
  Generating Code...
  Compiling...
  opennurbs_color.cpp
  opennurbs_circle.cpp
opennurbs_circle.cpp(382): warning C4458: declaration of 'plane' hides class member
  c:\development\opennurbs\opennurbs_circle.h(318): note: see declaration of 'ON_Circle::plane'
  opennurbs_brep_v2valid.cpp
  opennurbs_brep_tools.cpp
opennurbs_brep_tools.cpp(1570): warning C4456: declaration of 'c2' hides previous local declaration
  opennurbs_brep_tools.cpp(1508): note: see declaration of 'c2'
  opennurbs_brep_region.cpp
  opennurbs_brep_isvalid.cpp
  opennurbs_brep_io.cpp
opennurbs_brep_io.cpp(1127): warning C4456: declaration of 'k' hides previous local declaration
  opennurbs_brep_io.cpp(1059): note: see declaration of 'k'
  opennurbs_brep_extrude.cpp
  opennurbs_brep.cpp
opennurbs_brep.cpp(3244): warning C4456: declaration of 'lti' hides previous local declaration
  opennurbs_brep.cpp(3186): note: see declaration of 'lti'
opennurbs_brep.cpp(3246): warning C4456: declaration of 'ti' hides previous local declaration
  opennurbs_brep.cpp(3186): note: see declaration of 'ti'
opennurbs_brep.cpp(4819): warning C4456: declaration of 'li' hides previous local declaration
  opennurbs_brep.cpp(4067): note: see declaration of 'li'
opennurbs_brep.cpp(6824): warning C4456: declaration of 'span_domain' hides previous local declaration
  opennurbs_brep.cpp(6811): note: see declaration of 'span_domain'
opennurbs_brep.cpp(7478): warning C4456: declaration of 'ti' hides previous local declaration
  opennurbs_brep.cpp(7362): note: see declaration of 'ti'
opennurbs_brep.cpp(8192): warning C4456: declaration of 'F' hides previous local declaration
  opennurbs_brep.cpp(8161): note: see declaration of 'F'
opennurbs_brep.cpp(11274): warning C4456: declaration of 'li' hides previous local declaration
  opennurbs_brep.cpp(11099): note: see declaration of 'li'
opennurbs_brep.cpp(11276): warning C4456: declaration of 'ti' hides previous local declaration
  opennurbs_brep.cpp(11100): note: see declaration of 'ti'
  opennurbs_box.cpp
  opennurbs_bounding_box.cpp
  opennurbs_bitmap.cpp
opennurbs_bitmap.cpp(557): warning C4456: declaration of 'i' hides previous local declaration
  opennurbs_bitmap.cpp(518): note: see declaration of 'i'
   --- OpenNURBS including Windows BITMAPINFO support in ON_WindowsBitmap
  opennurbs_beziervolume.cpp
  opennurbs_bezier.cpp
opennurbs_bezier.cpp(2029): warning C4456: declaration of 'j' hides previous local declaration
  opennurbs_bezier.cpp(1990): note: see declaration of 'j'
opennurbs_bezier.cpp(2032): warning C4456: declaration of 'k' hides previous local declaration
  opennurbs_bezier.cpp(1990): note: see declaration of 'k'
  opennurbs_beam.cpp
  opennurbs_base64.cpp
  opennurbs_base32.cpp
  opennurbs_array.cpp
  opennurbs_archive.cpp
opennurbs_archive.cpp(1431): warning C4456: declaration of 'istring_utf16_element_count' hides previous local declaration
  opennurbs_archive.cpp(1414): note: see declaration of 'istring_utf16_element_count'
  opennurbs_arccurve.cpp
  Generating Code...
  Compiling...
  opennurbs_arc.cpp
  opennurbs_annotation2.cpp
opennurbs_annotation2.cpp(2411): warning C4456: declaration of 't' hides previous local declaration
  opennurbs_annotation2.cpp(2364): note: see declaration of 't'
opennurbs_annotation2.cpp(4026): warning C4456: declaration of 't' hides previous local declaration
  opennurbs_annotation2.cpp(3930): note: see declaration of 't'
  opennurbs_annotation.cpp
  opennurbs_3dm_settings.cpp
  opennurbs_3dm_properties.cpp
  opennurbs_3dm_attributes.cpp
opennurbs_3dm_attributes.cpp(495): warning C4456: declaration of 'i' hides previous local declaration
  opennurbs_3dm_attributes.cpp(405): note: see declaration of 'i'
  Generating Code...
  opennurbs_memory.c
  opennurbs_memory_util.c
     Creating library C:\Development\opennurbs\x64\Debug\opennurbs.lib and object C:\Development\opennurbs\x64\Debug\opennurbs.exp
  opennurbs.vcxproj -> C:\Development\opennurbs\x64\Debug\opennurbs.dll
  opennurbs.vcxproj -> C:\Development\opennurbs\x64\Debug\opennurbs.pdb (Full PDB)
